<?xml version="1.0" encoding="UTF-8"?>
<testsuite xmlns:xsi="http://www.w3.org/2001/XMLSchema-instance" xsi:noNamespaceSchemaLocation="https://maven.apache.org/surefire/maven-surefire-plugin/xsd/surefire-test-report.xsd" name="ahillary.investing.project.futures.FuturesServiceTest" time="1.481" tests="1" errors="0" skipped="0" failures="0">
  <properties>
[...]
</properties>
  <testcase name="getNasdaqIndex" classname="ahillary.investing.project.futures.FuturesServiceTest" time="0.237"/>
</testsuite>